TN:
SF:src/adapter/driver/infra/dataSource.ts
FN:8,MongoDataSource
FN:22,init
FN:27,getDataSource
FNF:3
FNH:1
FNDA:1,MongoDataSource
FNDA:0,init
FNDA:0,getDataSource
DA:1,1
DA:2,1
DA:3,1
DA:4,1
DA:5,1
DA:6,1
DA:7,1
DA:8,1
DA:9,1
DA:10,1
DA:11,1
DA:12,1
DA:13,1
DA:14,1
DA:15,1
DA:16,1
DA:17,1
DA:18,1
DA:19,1
DA:20,1
DA:21,1
DA:22,1
DA:23,0
DA:24,0
DA:25,0
DA:26,1
DA:27,1
DA:28,0
DA:29,0
DA:30,1
DA:31,1
DA:32,1
LF:32
LH:27
BRDA:8,0,0,1
BRF:1
BRH:1
end_of_record
TN:
SF:src/core/application/useCases/orderUseCases.ts
FN:6,OrderUseCases
FN:8,create
FN:12,getStatus
FN:19,produce
FN:24,getOrders
FNF:5
FNH:4
FNDA:3,OrderUseCases
FNDA:1,create
FNDA:1,getStatus
FNDA:0,produce
FNDA:1,getOrders
DA:1,1
DA:2,1
DA:3,1
DA:4,1
DA:5,1
DA:6,1
DA:7,1
DA:8,1
DA:9,1
DA:10,1
DA:11,1
DA:12,1
DA:13,1
DA:14,1
DA:15,1
DA:16,1
DA:17,1
DA:18,1
DA:19,1
DA:20,0
DA:21,0
DA:22,0
DA:23,1
DA:24,1
DA:25,1
DA:26,1
DA:27,1
DA:28,1
DA:29,1
LF:29
LH:26
BRDA:6,0,0,3
BRDA:8,1,0,1
BRDA:12,2,0,1
BRDA:24,3,0,1
BRF:4
BRH:4
end_of_record
TN:
SF:src/core/domain/entities/order.ts
FN:26,Order
FNF:1
FNH:0
FNDA:0,Order
DA:1,1
DA:2,1
DA:3,1
DA:4,1
DA:5,1
DA:6,1
DA:7,1
DA:8,1
DA:9,1
DA:10,1
DA:11,1
DA:12,1
DA:13,1
DA:14,1
DA:15,1
DA:16,1
DA:17,1
DA:18,1
DA:19,1
DA:20,1
DA:21,1
DA:22,1
DA:23,1
DA:24,1
DA:25,1
DA:26,1
DA:27,0
DA:28,0
DA:29,0
DA:30,0
DA:31,0
DA:32,0
DA:33,1
LF:33
LH:27
BRF:0
BRH:0
end_of_record
